<?xml version="1.0" encoding="UTF-8"?>
<!-- Generated by org.testng.reporters.JUnitReportReporter -->
<testsuite hostname="FireForce" failures="0" tests="2" name="com.demo.AppTest" time="13.103" errors="0" timestamp="3 Jul 2021 13:55:36 GMT">
  <testcase classname="com.demo.AppTest" name="NavigateToGmail" time="12.293"/>
  <testcase classname="com.demo.AppTest" name="SearchInGoogle" time="0.810"/>
</testsuite> <!-- com.demo.AppTest -->
