<?xml version="1.0" encoding="UTF-8"?>
<!-- Generated by org.testng.reporters.JUnitReportReporter -->
<testsuite hostname="FireForce" failures="0" tests="1" name="com.demo.AppTest" time="1.538" errors="0" timestamp="3 Jul 2021 08:31:04 GMT">
  <testcase classname="com.demo.AppTest" name="SearchInGoogle" time="1.538"/>
</testsuite> <!-- com.demo.AppTest -->
